20141119111500,START--操作人:admin-管理员,请求功能:/hfMngBusi/merbank/index.do,请求数据:null
20141119111501,END--操作人:admin-管理员,消耗时间:662,请求功能:/hfMngBusi/merbank/index.do,请求数据:null
20141119111501,START--操作人:admin-管理员,请求功能:/hfMngBusi/option/banklist.do,请求数据:null
20141119111501,START--操作人:admin-管理员,请求功能:/hfMngBusi/option/operatorlist3.do,请求数据:null
20141119111501,END--操作人:admin-管理员,消耗时间:267,请求功能:/hfMngBusi/option/banklist.do,请求数据:null
20141119111502,END--操作人:admin-管理员,消耗时间:275,请求功能:/hfMngBusi/option/operatorlist3.do,请求数据:null
20141119111503,START--操作人:admin-管理员,请求功能:/hfMngBusi/bankinf/index.do,请求数据:null
20141119111503,END--操作人:admin-管理员,消耗时间:159,请求功能:/hfMngBusi/bankinf/index.do,请求数据:null
20141119111504,START--操作人:admin-管理员,请求功能:/hfMngBusi/option/banktype.do,请求数据:null
20141119111504,END--操作人:admin-管理员,消耗时间:63,请求功能:/hfMngBusi/option/banktype.do,请求数据:null
20141119113016,START--操作人:admin-管理员,请求功能:/hfMngBusi/bankinf/index.do,请求数据:null
20141119113018,END--操作人:admin-管理员,消耗时间:1763,请求功能:/hfMngBusi/bankinf/index.do,请求数据:null
20141119113024,START--操作人:admin-管理员,请求功能:/hfMngBusi/option/banktype.do,请求数据:null
20141119113024,END--操作人:admin-管理员,消耗时间:78,请求功能:/hfMngBusi/option/banktype.do,请求数据:null
20141119113302,START--操作人:admin-管理员,请求功能:/hfMngBusi/goodsaudit/index.do,请求数据:null
20141119113305,START--操作人:admin-管理员,请求功能:/hfMngBusi/goodsinf/index.do,请求数据:null
20141119113309,END--操作人:admin-管理员,消耗时间:6240,请求功能:/hfMngBusi/goodsaudit/index.do,请求数据:null
20141119113313,START--操作人:admin-管理员,请求功能:/hfMngBusi/report/toQueryDataPage.do,请求数据:null
20141119113313,START--操作人:admin-管理员,请求功能:/hfMngBusi/goodsaudit/query.do,请求数据:queryKey=audit.allGoodsAudits&state=0&start=0&limit=15&_time_stamp_=1416367992846
20141119113313,END--操作人:admin-管理员,消耗时间:796,请求功能:/hfMngBusi/report/toQueryDataPage.do,请求数据:null
20141119113314,END--操作人:admin-管理员,消耗时间:8253,请求功能:/hfMngBusi/goodsinf/index.do,请求数据:null
20141119113315,START--操作人:admin-管理员,请求功能:/hfMngBusi/option/couponmerinflist.do,请求数据:null
20141119113316,END--操作人:admin-管理员,消耗时间:1763,请求功能:/hfMngBusi/option/couponmerinflist.do,请求数据:null
20141119113320,END--操作人:admin-管理员,消耗时间:6942,请求功能:/hfMngBusi/goodsaudit/query.do,请求数据:queryKey=audit.allGoodsAudits&state=0&start=0&limit=15&_time_stamp_=1416367992846
20141119113327,START--操作人:admin-管理员,请求功能:/hfMngBusi/merbank/index.do,请求数据:null
20141119113327,END--操作人:admin-管理员,消耗时间:140,请求功能:/hfMngBusi/merbank/index.do,请求数据:null
20141119113327,START--操作人:admin-管理员,请求功能:/hfMngBusi/option/banklist.do,请求数据:null
20141119113327,START--操作人:admin-管理员,请求功能:/hfMngBusi/option/operatorlist3.do,请求数据:null
20141119113327,END--操作人:admin-管理员,消耗时间:218,请求功能:/hfMngBusi/option/banklist.do,请求数据:null
20141119113327,END--操作人:admin-管理员,消耗时间:265,请求功能:/hfMngBusi/option/operatorlist3.do,请求数据:null
20141119113329,START--操作人:admin-管理员,请求功能:/hfMngBusi/upgoodsbank/index.do,请求数据:null
20141119113329,END--操作人:admin-管理员,消耗时间:343,请求功能:/hfMngBusi/upgoodsbank/index.do,请求数据:null
20141119113331,START--操作人:admin-管理员,请求功能:/hfMngBusi/option/merlist.do,请求数据:null
20141119113331,START--操作人:admin-管理员,请求功能:/hfMngBusi/option/banklist.do,请求数据:null
20141119113332,START--操作人:admin-管理员,请求功能:/hfMngBusi/bankinf/index.do,请求数据:null
20141119113332,END--操作人:admin-管理员,消耗时间:390,请求功能:/hfMngBusi/option/merlist.do,请求数据:null
20141119113332,END--操作人:admin-管理员,消耗时间:187,请求功能:/hfMngBusi/bankinf/index.do,请求数据:null
20141119113332,END--操作人:admin-管理员,消耗时间:406,请求功能:/hfMngBusi/option/banklist.do,请求数据:null
20141119113332,START--操作人:admin-管理员,请求功能:/hfMngBusi/option/banktype.do,请求数据:null
20141119113332,END--操作人:admin-管理员,消耗时间:63,请求功能:/hfMngBusi/option/banktype.do,请求数据:null
20141119113334,START--操作人:admin-管理员,请求功能:/hfMngBusi/upservice/index.do,请求数据:null
20141119113334,END--操作人:admin-管理员,消耗时间:362,请求功能:/hfMngBusi/upservice/index.do,请求数据:null
20141119113335,START--操作人:admin-管理员,请求功能:/hfMngBusi/option/merlist.do,请求数据:null
20141119113335,END--操作人:admin-管理员,消耗时间:93,请求功能:/hfMngBusi/option/merlist.do,请求数据:null
20141119113335,START--操作人:admin-管理员,请求功能:/hfMngBusi/option/gateList.do,请求数据:null
20141119113335,END--操作人:admin-管理员,消耗时间:78,请求功能:/hfMngBusi/option/gateList.do,请求数据:null
20141119113336,START--操作人:admin-管理员,请求功能:/hfMngBusi/payltdrollback/auditindex.do,请求数据:null
20141119113336,END--操作人:admin-管理员,消耗时间:187,请求功能:/hfMngBusi/payltdrollback/auditindex.do,请求数据:null
20141119113337,START--操作人:admin-管理员,请求功能:/hfMngBusi/payltdrollback/auditQuery.do,请求数据:queryKey=audit.allpayltdrollback&state=0&start=0&limit=15&_time_stamp_=1416368017107
20141119113337,END--操作人:admin-管理员,消耗时间:358,请求功能:/hfMngBusi/payltdrollback/auditQuery.do,请求数据:queryKey=audit.allpayltdrollback&state=0&start=0&limit=15&_time_stamp_=1416368017107
20141119113402,START--操作人:admin-管理员,请求功能:/hfMngBusi/merbank/index.do,请求数据:null
20141119113402,END--操作人:admin-管理员,消耗时间:0,请求功能:/hfMngBusi/merbank/index.do,请求数据:null
20141119113402,START--操作人:admin-管理员,请求功能:/hfMngBusi/option/banklist.do,请求数据:null
20141119113402,END--操作人:admin-管理员,消耗时间:125,请求功能:/hfMngBusi/option/banklist.do,请求数据:null
20141119113402,START--操作人:admin-管理员,请求功能:/hfMngBusi/option/operatorlist3.do,请求数据:null
20141119113402,END--操作人:admin-管理员,消耗时间:0,请求功能:/hfMngBusi/option/operatorlist3.do,请求数据:null
20141119113403,START--操作人:admin-管理员,请求功能:/hfMngBusi/upgoodsbank/index.do,请求数据:null
20141119113403,END--操作人:admin-管理员,消耗时间:47,请求功能:/hfMngBusi/upgoodsbank/index.do,请求数据:null
20141119113404,START--操作人:admin-管理员,请求功能:/hfMngBusi/option/banklist.do,请求数据:null
20141119113404,END--操作人:admin-管理员,消耗时间:0,请求功能:/hfMngBusi/option/banklist.do,请求数据:null
20141119113404,START--操作人:admin-管理员,请求功能:/hfMngBusi/option/merlist.do,请求数据:null
20141119113404,END--操作人:admin-管理员,消耗时间:15,请求功能:/hfMngBusi/option/merlist.do,请求数据:null
20141119113405,START--操作人:admin-管理员,请求功能:/hfMngBusi/bankinf/index.do,请求数据:null
20141119113405,END--操作人:admin-管理员,消耗时间:16,请求功能:/hfMngBusi/bankinf/index.do,请求数据:null
20141119113405,START--操作人:admin-管理员,请求功能:/hfMngBusi/option/banktype.do,请求数据:null
20141119113405,END--操作人:admin-管理员,消耗时间:0,请求功能:/hfMngBusi/option/banktype.do,请求数据:null
20141119113411,START--操作人:admin-管理员,请求功能:/hfMngBusi/bankinf/add.do,请求数据:null
20141119113411,END--操作人:admin-管理员,消耗时间:63,请求功能:/hfMngBusi/bankinf/add.do,请求数据:null
20141119113411,START--操作人:admin-管理员,请求功能:/hfMngBusi/option/banktype.do,请求数据:null
20141119113411,END--操作人:admin-管理员,消耗时间:0,请求功能:/hfMngBusi/option/banktype.do,请求数据:null
20141119113417,START--操作人:admin-管理员,请求功能:/hfMngBusi/upservice/index.do,请求数据:null
20141119113417,END--操作人:admin-管理员,消耗时间:62,请求功能:/hfMngBusi/upservice/index.do,请求数据:null
20141119113417,START--操作人:admin-管理员,请求功能:/hfMngBusi/option/merlist.do,请求数据:null
20141119113417,END--操作人:admin-管理员,消耗时间:16,请求功能:/hfMngBusi/option/merlist.do,请求数据:null
20141119113417,START--操作人:admin-管理员,请求功能:/hfMngBusi/option/gateList.do,请求数据:null
20141119113417,END--操作人:admin-管理员,消耗时间:0,请求功能:/hfMngBusi/option/gateList.do,请求数据:null
20141119113419,START--操作人:admin-管理员,请求功能:/hfMngBusi/bankinf/index.do,请求数据:null
20141119113419,END--操作人:admin-管理员,消耗时间:0,请求功能:/hfMngBusi/bankinf/index.do,请求数据:null
20141119113419,START--操作人:admin-管理员,请求功能:/hfMngBusi/option/banktype.do,请求数据:null
20141119113419,END--操作人:admin-管理员,消耗时间:0,请求功能:/hfMngBusi/option/banktype.do,请求数据:null
20141119113420,START--操作人:admin-管理员,请求功能:/hfMngBusi/bankinf/query.do,请求数据:queryKey=bank.allBank&start=0&limit=15&_time_stamp_=1416368060128
20141119113420,END--操作人:admin-管理员,消耗时间:47,请求功能:/hfMngBusi/bankinf/query.do,请求数据:queryKey=bank.allBank&start=0&limit=15&_time_stamp_=1416368060128
20141119113501,START--操作人:admin-管理员,请求功能:/hfMngBusi/upservice/index.do,请求数据:null
20141119113502,END--操作人:admin-管理员,消耗时间:717,请求功能:/hfMngBusi/upservice/index.do,请求数据:null
20141119113502,START--操作人:admin-管理员,请求功能:/hfMngBusi/option/merlist.do,请求数据:null
20141119113502,START--操作人:admin-管理员,请求功能:/hfMngBusi/option/gateList.do,请求数据:null
20141119113502,END--操作人:admin-管理员,消耗时间:203,请求功能:/hfMngBusi/option/gateList.do,请求数据:null
20141119113502,END--操作人:admin-管理员,消耗时间:374,请求功能:/hfMngBusi/option/merlist.do,请求数据:null
20141119113503,START--操作人:admin-管理员,请求功能:/hfMngBusi/payltdrollback/auditindex.do,请求数据:null
20141119113503,END--操作人:admin-管理员,消耗时间:47,请求功能:/hfMngBusi/payltdrollback/auditindex.do,请求数据:null
20141119113503,START--操作人:admin-管理员,请求功能:/hfMngBusi/payltdrollback/auditQuery.do,请求数据:queryKey=audit.allpayltdrollback&state=0&start=0&limit=15&_time_stamp_=1416368103622
20141119113504,END--操作人:admin-管理员,消耗时间:718,请求功能:/hfMngBusi/payltdrollback/auditQuery.do,请求数据:queryKey=audit.allpayltdrollback&state=0&start=0&limit=15&_time_stamp_=1416368103622
20141119113505,START--操作人:admin-管理员,请求功能:/hfMngBusi/payltdrollback/index.do,请求数据:null
20141119113505,END--操作人:admin-管理员,消耗时间:31,请求功能:/hfMngBusi/payltdrollback/index.do,请求数据:null
20141119113505,START--操作人:admin-管理员,请求功能:/hfMngBusi/option/xebanklist.do,请求数据:null
20141119113505,START--操作人:admin-管理员,请求功能:/hfMngBusi/option/merlist.do,请求数据:null
20141119113505,END--操作人:admin-管理员,消耗时间:47,请求功能:/hfMngBusi/option/merlist.do,请求数据:null
20141119113505,END--操作人:admin-管理员,消耗时间:94,请求功能:/hfMngBusi/option/xebanklist.do,请求数据:null
20141119113506,START--操作人:admin-管理员,请求功能:/hfMngBusi/merbusiconfaudit/index.do,请求数据:null
20141119113507,END--操作人:admin-管理员,消耗时间:297,请求功能:/hfMngBusi/merbusiconfaudit/index.do,请求数据:null
20141119113507,START--操作人:admin-管理员,请求功能:/hfMngBusi/merbusiconfaudit/query.do,请求数据:queryKey=merbusiconf.allAudit&state=0&start=0&limit=15&_time_stamp_=1416368107217
20141119113507,END--操作人:admin-管理员,消耗时间:250,请求功能:/hfMngBusi/merbusiconfaudit/query.do,请求数据:queryKey=merbusiconf.allAudit&state=0&start=0&limit=15&_time_stamp_=1416368107217
20141119113510,START--操作人:admin-管理员,请求功能:/hfMngBusi/merbusiconf/index.do,请求数据:null
20141119113510,END--操作人:admin-管理员,消耗时间:110,请求功能:/hfMngBusi/merbusiconf/index.do,请求数据:null
20141119113510,START--操作人:admin-管理员,请求功能:/hfMngBusi/option/operatorlist3.do,请求数据:null
20141119113510,START--操作人:admin-管理员,请求功能:/hfMngBusi/option/merBizType.do,请求数据:null
20141119113510,END--操作人:admin-管理员,消耗时间:0,请求功能:/hfMngBusi/option/merBizType.do,请求数据:null
20141119113510,END--操作人:admin-管理员,消耗时间:94,请求功能:/hfMngBusi/option/operatorlist3.do,请求数据:null
20141119113515,START--操作人:admin-管理员,请求功能:/hfMngBusi/convrate/index.do,请求数据:null
20141119113515,END--操作人:admin-管理员,消耗时间:47,请求功能:/hfMngBusi/convrate/index.do,请求数据:null
20141119113518,START--操作人:admin-管理员,请求功能:/hfMngBusi/merinter/index.do,请求数据:null
20141119113518,END--操作人:admin-管理员,消耗时间:78,请求功能:/hfMngBusi/merinter/index.do,请求数据:null
20141119113519,START--操作人:admin-管理员,请求功能:/hfMngBusi/option/merlist.do,请求数据:null
20141119113519,END--操作人:admin-管理员,消耗时间:31,请求功能:/hfMngBusi/option/merlist.do,请求数据:null
20141119113519,START--操作人:admin-管理员,请求功能:/hfMngBusi/mercnf/index.do,请求数据:null
20141119113519,END--操作人:admin-管理员,消耗时间:46,请求功能:/hfMngBusi/mercnf/index.do,请求数据:null
20141119113520,START--操作人:admin-管理员,请求功能:/hfMngBusi/option/merlist.do,请求数据:null
20141119113520,END--操作人:admin-管理员,消耗时间:47,请求功能:/hfMngBusi/option/merlist.do,请求数据:null
20141119113550,START--操作人:admin-管理员,请求功能:/hfMngBusi/huadan/add.do,请求数据:null
20141119113550,END--操作人:admin-管理员,消耗时间:32,请求功能:/hfMngBusi/huadan/add.do,请求数据:null
20141119113551,START--操作人:admin-管理员,请求功能:/hfMngBusi/meraudit/index.do,请求数据:null
20141119113552,START--操作人:admin-管理员,请求功能:/hfMngBusi/huadan/add.do,请求数据:null
20141119113552,END--操作人:admin-管理员,消耗时间:16,请求功能:/hfMngBusi/huadan/add.do,请求数据:null
20141119113554,END--操作人:admin-管理员,消耗时间:3448,请求功能:/hfMngBusi/meraudit/index.do,请求数据:null
20141119113554,START--操作人:admin-管理员,请求功能:/hfMngBusi/option/creatorlist.do,请求数据:null
20141119113554,END--操作人:admin-管理员,消耗时间:0,请求功能:/hfMngBusi/option/creatorlist.do,请求数据:null
20141119113554,START--操作人:admin-管理员,请求功能:/hfMngBusi/option/modUserlist.do,请求数据:null
20141119113554,END--操作人:admin-管理员,消耗时间:16,请求功能:/hfMngBusi/option/modUserlist.do,请求数据:null
20141119113554,START--操作人:admin-管理员,请求功能:/hfMngBusi/meraudit/query.do,请求数据:queryKey=audit.allMerAudits&state=0&start=0&limit=15&_time_stamp_=1416368154816
20141119113555,END--操作人:admin-管理员,消耗时间:281,请求功能:/hfMngBusi/meraudit/query.do,请求数据:queryKey=audit.allMerAudits&state=0&start=0&limit=15&_time_stamp_=1416368154816
20141119113601,START--操作人:admin-管理员,请求功能:/hfMngBusi/goodsinf/index.do,请求数据:null
20141119113601,END--操作人:admin-管理员,消耗时间:172,请求功能:/hfMngBusi/goodsinf/index.do,请求数据:null
20141119114224,START--操作人:admin-管理员,请求功能:/hfMngBusi/hfrest/index.do,请求数据:null
20141119114224,END--操作人:admin-管理员,消耗时间:94,请求功能:/hfMngBusi/hfrest/index.do,请求数据:null
20141119114234,START--操作人:admin-管理员,请求功能:/hfMngBusi/hfrest/updateCache.do,请求数据:null
20141119114234,END--操作人:admin-管理员,消耗时间:327,请求功能:/hfMngBusi/hfrest/updateCache.do,请求数据:null
20141119114353,START--操作人:admin-管理员,请求功能:/hfMngBusi/hfrest/index.do,请求数据:null
20141119114353,END--操作人:admin-管理员,消耗时间:63,请求功能:/hfMngBusi/hfrest/index.do,请求数据:null
20141119114356,START--操作人:admin-管理员,请求功能:/hfMngBusi/hfrest/updateCache.do,请求数据:null
20141119114440,END--操作人:admin-管理员,消耗时间:44330,请求功能:/hfMngBusi/hfrest/updateCache.do,请求数据:null
20141119114512,START--操作人:admin-管理员,请求功能:/hfMngBusi/hfrest/updateCache.do,请求数据:null
20141119114532,END--操作人:admin-管理员,消耗时间:19625,请求功能:/hfMngBusi/hfrest/updateCache.do,请求数据:null
20141119121727,START--操作人:admin-管理员,请求功能:/hfMngBusi/hfrest/index.do,请求数据:null
20141119121727,END--操作人:admin-管理员,消耗时间:132,请求功能:/hfMngBusi/hfrest/index.do,请求数据:null
20141119121730,START--操作人:admin-管理员,请求功能:/hfMngBusi/hfrest/updateCache.do,请求数据:null
20141119122533,START--操作人:admin-管理员,请求功能:/hfMngBusi/hfrest/index.do,请求数据:null
20141119122533,END--操作人:admin-管理员,消耗时间:122,请求功能:/hfMngBusi/hfrest/index.do,请求数据:null
20141119122552,START--操作人:admin-管理员,请求功能:/hfMngBusi/merbank/index.do,请求数据:null
20141119122552,END--操作人:admin-管理员,消耗时间:424,请求功能:/hfMngBusi/merbank/index.do,请求数据:null
20141119122552,START--操作人:admin-管理员,请求功能:/hfMngBusi/option/banklist.do,请求数据:null
20141119122552,START--操作人:admin-管理员,请求功能:/hfMngBusi/option/operatorlist3.do,请求数据:null
20141119122553,END--操作人:admin-管理员,消耗时间:339,请求功能:/hfMngBusi/option/operatorlist3.do,请求数据:null
20141119122553,END--操作人:admin-管理员,消耗时间:355,请求功能:/hfMngBusi/option/banklist.do,请求数据:null
20141119122557,START--操作人:admin-管理员,请求功能:/hfMngBusi/merbank/query.do,请求数据:queryKey=merbank.allMerBanks&start=0&limit=15&_time_stamp_=1416371157170
20141119122558,END--操作人:admin-管理员,消耗时间:843,请求功能:/hfMngBusi/merbank/query.do,请求数据:queryKey=merbank.allMerBanks&start=0&limit=15&_time_stamp_=1416371157170
20141119122607,START--操作人:admin-管理员,请求功能:/hfMngBusi/upgoodsbank/index.do,请求数据:null
20141119122607,END--操作人:admin-管理员,消耗时间:106,请求功能:/hfMngBusi/upgoodsbank/index.do,请求数据:null
20141119122607,START--操作人:admin-管理员,请求功能:/hfMngBusi/option/merlist.do,请求数据:null
20141119122607,START--操作人:admin-管理员,请求功能:/hfMngBusi/option/banklist.do,请求数据:null
20141119122607,END--操作人:admin-管理员,消耗时间:14,请求功能:/hfMngBusi/option/banklist.do,请求数据:null
20141119122607,END--操作人:admin-管理员,消耗时间:285,请求功能:/hfMngBusi/option/merlist.do,请求数据:null
20141119122609,START--操作人:admin-管理员,请求功能:/hfMngBusi/upgoodsbank/query.do,请求数据:queryKey=goodsbank.allupgoodsbank&start=0&limit=15&_time_stamp_=1416371169158
20141119122609,END--操作人:admin-管理员,消耗时间:267,请求功能:/hfMngBusi/upgoodsbank/query.do,请求数据:queryKey=goodsbank.allupgoodsbank&start=0&limit=15&_time_stamp_=1416371169158
20141119122620,START--操作人:admin-管理员,请求功能:/hfMngBusi/hfrest/index.do,请求数据:null
20141119122620,END--操作人:admin-管理员,消耗时间:0,请求功能:/hfMngBusi/hfrest/index.do,请求数据:null
20141119122625,START--操作人:admin-管理员,请求功能:/hfMngBusi/hfrest/updateCache.do,请求数据:null
20141119122658,END--操作人:admin-管理员,消耗时间:33148,请求功能:/hfMngBusi/hfrest/updateCache.do,请求数据:null
20141119122751,START--操作人:admin-管理员,请求功能:/hfMngBusi/hfrest/index.do,请求数据:null
20141119122751,END--操作人:admin-管理员,消耗时间:187,请求功能:/hfMngBusi/hfrest/index.do,请求数据:null
20141119122756,START--操作人:admin-管理员,请求功能:/hfMngBusi/hfrest/updateCache.do,请求数据:null
20141119124245,START--操作人:admin-管理员,请求功能:/hfMngBusi/hfrest/index.do,请求数据:null
20141119124245,END--操作人:admin-管理员,消耗时间:171,请求功能:/hfMngBusi/hfrest/index.do,请求数据:null
20141119124247,START--操作人:admin-管理员,请求功能:/hfMngBusi/hfrest/updateCache.do,请求数据:null
20141119124247,END--操作人:admin-管理员,消耗时间:157,请求功能:/hfMngBusi/hfrest/updateCache.do,请求数据:null
20141119124301,START--操作人:admin-管理员,请求功能:/hfMngBusi/hfrest/updateCache.do,请求数据:null
20141119124301,END--操作人:admin-管理员,消耗时间:39,请求功能:/hfMngBusi/hfrest/updateCache.do,请求数据:null
20141119124402,START--操作人:admin-管理员,请求功能:/hfMngBusi/hfrest/updateCache.do,请求数据:null
20141119124402,END--操作人:admin-管理员,消耗时间:94,请求功能:/hfMngBusi/hfrest/updateCache.do,请求数据:null
20141119140038,START--操作人:admin-管理员,请求功能:/hfMngBusi/hfrest/index.do,请求数据:null
20141119140038,END--操作人:admin-管理员,消耗时间:64,请求功能:/hfMngBusi/hfrest/index.do,请求数据:null
20141119140045,START--操作人:admin-管理员,请求功能:/hfMngBusi/hfrest/updateCache.do,请求数据:null
20141119140045,END--操作人:admin-管理员,消耗时间:144,请求功能:/hfMngBusi/hfrest/updateCache.do,请求数据:null
20141119140129,START--操作人:admin-管理员,请求功能:/hfMngBusi/hfrest/updateCache.do,请求数据:null
20141119140129,END--操作人:admin-管理员,消耗时间:140,请求功能:/hfMngBusi/hfrest/updateCache.do,请求数据:null
20141119153120,START--操作人:admin-管理员,请求功能:/hfMngBusi/hfrest/index.do,请求数据:null
20141119153120,END--操作人:admin-管理员,消耗时间:126,请求功能:/hfMngBusi/hfrest/index.do,请求数据:null
20141119153125,START--操作人:admin-管理员,请求功能:/hfMngBusi/hfrest/updateCache.do,请求数据:null
20141119153125,END--操作人:admin-管理员,消耗时间:178,请求功能:/hfMngBusi/hfrest/updateCache.do,请求数据:null
20141119153133,START--操作人:admin-管理员,请求功能:/hfMngBusi/merbank/index.do,请求数据:null
20141119153134,END--操作人:admin-管理员,消耗时间:395,请求功能:/hfMngBusi/merbank/index.do,请求数据:null
20141119153135,START--操作人:admin-管理员,请求功能:/hfMngBusi/option/banklist.do,请求数据:null
20141119153135,START--操作人:admin-管理员,请求功能:/hfMngBusi/option/operatorlist3.do,请求数据:null
20141119153136,END--操作人:admin-管理员,消耗时间:357,请求功能:/hfMngBusi/option/operatorlist3.do,请求数据:null
20141119153136,END--操作人:admin-管理员,消耗时间:373,请求功能:/hfMngBusi/option/banklist.do,请求数据:null
20141119153137,START--操作人:admin-管理员,请求功能:/hfMngBusi/merbank/query.do,请求数据:queryKey=merbank.allMerBanks&start=0&limit=15&_time_stamp_=1416382297490
20141119153138,END--操作人:admin-管理员,消耗时间:773,请求功能:/hfMngBusi/merbank/query.do,请求数据:queryKey=merbank.allMerBanks&start=0&limit=15&_time_stamp_=1416382297490
20141119154025,START--操作人:admin-管理员,请求功能:/hfMngBusi/hfrest/index.do,请求数据:null
20141119154025,END--操作人:admin-管理员,消耗时间:108,请求功能:/hfMngBusi/hfrest/index.do,请求数据:null
20141119154035,START--操作人:admin-管理员,请求功能:/hfMngBusi/hfrest/updateCache.do,请求数据:null
20141119154035,END--操作人:admin-管理员,消耗时间:154,请求功能:/hfMngBusi/hfrest/updateCache.do,请求数据:null
